Release 14.7 - xst P.20131013 (lin)
Copyright (c) 1995-2013 Xilinx, Inc.  All rights reserved.
--> 
Parameter TMPDIR set to xst/projnav.tmp


Total REAL time to Xst completion: 0.00 secs
Total CPU time to Xst completion: 0.07 secs
 
--> 
Parameter xsthdpdir set to xst


Total REAL time to Xst completion: 0.00 secs
Total CPU time to Xst completion: 0.07 secs
 
--> 
Reading design: BH_com.prj

TABLE OF CONTENTS
  1) Synthesis Options Summary
  2) HDL Compilation
  3) Design Hierarchy Analysis
  4) HDL Analysis
  5) HDL Synthesis
     5.1) HDL Synthesis Report
  6) Advanced HDL Synthesis
     6.1) Advanced HDL Synthesis Report
  7) Low Level Synthesis
  8) Partition Report
  9) Final Report
	9.1) Device utilization summary
	9.2) Partition Resource Summary
	9.3) TIMING REPORT


=========================================================================
*                      Synthesis Options Summary                        *
=========================================================================
---- Source Parameters
Input File Name                    : "BH_com.prj"
Input Format                       : mixed
Ignore Synthesis Constraint File   : NO

---- Target Parameters
Output File Name                   : "BH_com"
Output Format                      : NGC
Target Device                      : xc3s500e-4-vq100

---- Source Options
Top Module Name                    : BH_com
Automatic FSM Extraction           : YES
FSM Encoding Algorithm             : Auto
Safe Implementation                : No
FSM Style                          : LUT
RAM Extraction                     : Yes
RAM Style                          : Auto
ROM Extraction                     : Yes
Mux Style                          : Auto
Decoder Extraction                 : YES
Priority Encoder Extraction        : Yes
Shift Register Extraction          : YES
Logical Shifter Extraction         : YES
XOR Collapsing                     : YES
ROM Style                          : Auto
Mux Extraction                     : Yes
Resource Sharing                   : YES
Asynchronous To Synchronous        : NO
Multiplier Style                   : Auto
Automatic Register Balancing       : No

---- Target Options
Add IO Buffers                     : YES
Global Maximum Fanout              : 100000
Add Generic Clock Buffer(BUFG)     : 24
Register Duplication               : YES
Slice Packing                      : YES
Optimize Instantiated Primitives   : NO
Use Clock Enable                   : Yes
Use Synchronous Set                : Yes
Use Synchronous Reset              : Yes
Pack IO Registers into IOBs        : Auto
Equivalent register Removal        : YES

---- General Options
Optimization Goal                  : Speed
Optimization Effort                : 1
Keep Hierarchy                     : No
Netlist Hierarchy                  : As_Optimized
RTL Output                         : Yes
Global Optimization                : AllClockNets
Read Cores                         : YES
Write Timing Constraints           : NO
Cross Clock Analysis               : NO
Hierarchy Separator                : /
Bus Delimiter                      : <>
Case Specifier                     : Maintain
Slice Utilization Ratio            : 100
BRAM Utilization Ratio             : 100
Verilog 2001                       : YES
Auto BRAM Packing                  : NO
Slice Utilization Ratio Delta      : 5

---- Other Options
Cores Search Directories           : {"ipcore_dir"  }

=========================================================================


=========================================================================
*                          HDL Compilation                              *
=========================================================================
WARNING:HDLParsers:3498 - No primary, secondary unit in the file "/home/hato/mycom/ipcore_dir/divider.vhd. Ignore this file from project file "/home/hato/mycom/BH_com_vhdl.prj".
Compiling vhdl file "/home/hato/mycom/24ea1ac481e3a2e80803/xsadd.vhd" in Library work.
Architecture xsadd of Entity xsadd is up to date.
Compiling vhdl file "/home/hato/mycom/ipcore_dir/vram.vhd" in Library work.
Architecture vram_a of Entity vram is up to date.
Compiling vhdl file "/home/hato/mycom/crom.vhd" in Library work.
Architecture behavioral of Entity crom is up to date.
Compiling vhdl file "/home/hato/mycom/ipcore_dir/stack.vhd" in Library work.
Architecture stack_a of Entity stack is up to date.
Compiling vhdl file "/home/hato/mycom/24ea1ac481e3a2e80803/xsadd_gen.vhd" in Library work.
Architecture rtl of Entity xsadd_gen is up to date.
Compiling vhdl file "/home/hato/mycom/i2c_master.vhd" in Library work.
WARNING:HDLParsers:817 - "/home/hato/mycom/i2c_master.vhd" Line 86. Choice .TO. is not a locally static expression.
WARNING:HDLParsers:817 - "/home/hato/mycom/i2c_master.vhd" Line 89. Choice .TO. is not a locally static expression.
WARNING:HDLParsers:817 - "/home/hato/mycom/i2c_master.vhd" Line 92. Choice .TO. is not a locally static expression.
Architecture logic of Entity i2c_master is up to date.
Compiling vhdl file "/home/hato/mycom/BH_com.vhd" in Library work.
Architecture behavioral of Entity bh_com is up to date.

=========================================================================
*                     Design Hierarchy Analysis                         *
=========================================================================
Analyzing hierarchy for entity <BH_com> in library <work> (architecture <behavioral>).

Analyzing hierarchy for entity <crom> in library <work> (architecture <behavioral>).

Analyzing hierarchy for entity <XSADD_GEN> in library <work> (architecture <rtl>).

Analyzing hierarchy for entity <i2c_master> in library <work> (architecture <logic>) with generics.
	bus_clk = 100000
	input_clk = 32000000


=========================================================================
*                            HDL Analysis                               *
=========================================================================
Analyzing Entity <BH_com> in library <work> (Architecture <behavioral>).
INFO:Xst:1739 - HDL ADVISOR - "/home/hato/mycom/BH_com.vhd" line 49: declaration of a buffer port will make it difficult for you to validate this design by simulation. It is preferable to declare it as output.
Entity <BH_com> analyzed. Unit <BH_com> generated.

Analyzing Entity <crom> in library <work> (Architecture <behavioral>).
Entity <crom> analyzed. Unit <crom> generated.

Analyzing Entity <XSADD_GEN> in library <work> (Architecture <rtl>).
WARNING:Xst - Size mismatch in logical xor : extending constant.
WARNING:Xst - Size mismatch in logical xor : extending constant.
WARNING:Xst - Size mismatch in logical xor : extending constant.
WARNING:Xst - Size mismatch in logical xor : extending constant.
WARNING:Xst - Size mismatch in logical xor : extending constant.
WARNING:Xst - Size mismatch in logical xor : extending constant.
WARNING:Xst - Size mismatch in logical xor : extending constant.
WARNING:Xst - Size mismatch in logical xor : extending constant.
WARNING:Xst - Size mismatch in logical xor : extending constant.
WARNING:Xst - Size mismatch in logical xor : extending constant.
WARNING:Xst - Size mismatch in logical xor : extending constant.
WARNING:Xst - Size mismatch in logical xor : extending constant.
WARNING:Xst - Size mismatch in logical xor : extending constant.
WARNING:Xst - Size mismatch in logical xor : extending constant.
WARNING:Xst - Size mismatch in logical xor : extending constant.
WARNING:Xst - Size mismatch in logical xor : extending constant.
WARNING:Xst - Size mismatch in logical xor : extending constant.
WARNING:Xst - Size mismatch in logical xor : extending constant.
WARNING:Xst - Size mismatch in logical xor : extending constant.
Entity <XSADD_GEN> analyzed. Unit <XSADD_GEN> generated.

Analyzing generic Entity <i2c_master> in library <work> (Architecture <logic>).
	bus_clk = 100000
	input_clk = 32000000
Entity <i2c_master> analyzed. Unit <i2c_master> generated.


=========================================================================
*                           HDL Synthesis                               *
=========================================================================

Performing bidirectional port resolution...
INFO:Xst:2561 - Always blocking tristate driving signal <C> in unit <BH_com> is removed.

Synthesizing Unit <crom>.
    Related source file is "/home/hato/mycom/crom.vhd".
    Found 256x56-bit ROM for signal <chr$rom0000>.
    Found 1-bit 8-to-1 multiplexer for signal <dot>.
    Found 8-bit 8-to-1 multiplexer for signal <$mux0008> created at line 2365.
    Summary:
	inferred   1 ROM(s).
	inferred   9 Multiplexer(s).
Unit <crom> synthesized.


Synthesizing Unit <XSADD_GEN>.
    Related source file is "/home/hato/mycom/24ea1ac481e3a2e80803/xsadd_gen.vhd".
    Found 1-bit register for signal <RND_VAL>.
    Found 32-bit register for signal <RND_NUM>.
    Found 128-bit register for signal <curr_status.status>.
    Found 32-bit xor3 for signal <curr_status.status_3$xor0000> created at line 411.
    Found 32-bit adder for signal <RND_NUM$add0001> created at line 429.
    Found 1-bit register for signal <status_valid>.
    Found 32-bit xor2 for signal <t7$xor0000> created at line 409.
    Summary:
	inferred 162 D-type flip-flop(s).
	inferred   1 Adder/Subtractor(s).
	inferred  32 Xor(s).
Unit <XSADD_GEN> synthesized.


Synthesizing Unit <i2c_master>.
    Related source file is "/home/hato/mycom/i2c_master.vhd".
    Found finite state machine <FSM_0> for signal <state>.
    -----------------------------------------------------------------------
    | States             | 9                                              |
    | Transitions        | 18                                             |
    | Inputs             | 4                                              |
    | Outputs            | 10                                             |
    | Clock              | clk                       (rising_edge)        |
    | Clock enable       | state$and0000             (positive)           |
    | Power Up State     | ready                                          |
    | Encoding           | automatic                                      |
    | Implementation     | LUT                                            |
    -----------------------------------------------------------------------
    Found 1-bit register for signal <busy>.
    Found 1-bit register for signal <ack_error>.
    Found 8-bit register for signal <data_rd>.
    Found 1-bit tristate buffer for signal <sda>.
    Found 1-bit tristate buffer for signal <scl>.
    Found 8-bit register for signal <addr_rw>.
    Found 3-bit register for signal <bit_cnt>.
    Found 3-bit subtractor for signal <bit_cnt$addsub0000>.
    Found 9-bit register for signal <count>.
    Found 9-bit adder for signal <count$addsub0000> created at line 83.
    Found 1-bit register for signal <data_clk>.
    Found 9-bit comparator greatequal for signal <data_clk$cmp_ge0000>.
    Found 9-bit comparator lessequal for signal <data_clk$cmp_le0000>.
    Found 1-bit register for signal <data_clk_prev>.
    Found 8-bit register for signal <data_rx>.
    Found 8-bit register for signal <data_tx>.
    Found 1-bit register for signal <scl_clk>.
    Found 9-bit comparator lessequal for signal <scl_clk$cmp_le0000>.
    Found 1-bit register for signal <scl_ena>.
    Found 1-bit register for signal <sda_int>.
    Found 8-bit comparator equal for signal <state$cmp_eq0001> created at line 184.
    Found 1-bit register for signal <stretch>.
    Found 9-bit comparator greatequal for signal <stretch$cmp_ge0000>.
    Found 9-bit comparator lessequal for signal <stretch$cmp_le0000>.
    Summary:
	inferred   1 Finite State Machine(s).
	inferred  52 D-type flip-flop(s).
	inferred   2 Adder/Subtractor(s).
	inferred   6 Comparator(s).
	inferred   2 Tristate(s).
Unit <i2c_master> synthesized.


Synthesizing Unit <BH_com>.
    Related source file is "/home/hato/mycom/BH_com.vhd".
WARNING:Xst:653 - Signal <vram_1_dina> is used but never assigned. This sourceless signal will be automatically connected to value 00000000.
WARNING:Xst:646 - Signal <stack1_douta<31:20>> is assigned but never used. This unconnected signal will be trimmed during the optimization process.
WARNING:Xst:646 - Signal <rand_rnd_val> is assigned but never used. This unconnected signal will be trimmed during the optimization process.
WARNING:Xst:646 - Signal <rand_rnd_num<31:20>> is assigned but never used. This unconnected signal will be trimmed during the optimization process.
WARNING:Xst:653 - Signal <rand_init_param.status> is used but never assigned. This sourceless signal will be automatically connected to value 00000000000000000000000000000000.
WARNING:Xst:646 - Signal <div1_rfd> is assigned but never used. This unconnected signal will be trimmed during the optimization process.
WARNING:Xst:646 - Signal <div1_fractional> is assigned but never used. This unconnected signal will be trimmed during the optimization process.
    Found 128x20-bit dual-port RAM <Mram_cpu_greg> for signal <cpu_greg>.
    Found 512x20-bit dual-port RAM <Mram_boot> for signal <boot>.
    Found finite state machine <FSM_1> for signal <cpu_stat>.
    -----------------------------------------------------------------------
    | States             | 4                                              |
    | Transitions        | 4                                              |
    | Inputs             | 0                                              |
    | Outputs            | 5                                              |
    | Clock              | clk                       (falling_edge)       |
    | Power Up State     | 00000000000000000000                           |
    | Encoding           | automatic                                      |
    | Implementation     | LUT                                            |
    -----------------------------------------------------------------------
WARNING:Xst:643 - "/home/hato/mycom/BH_com.vhd" line 830: The result of a 20x20-bit multiplication is partially used. Only the 20 least significant bits are used. If you are doing this on purpose, you may safely ignore this warning. Otherwise, make sure you are not losing information, leading to unexpected circuit behavior.
WARNING:Xst:643 - "/home/hato/mycom/BH_com.vhd" line 980: The result of a 32x7-bit multiplication is partially used. Only the 32 least significant bits are used. If you are doing this on purpose, you may safely ignore this warning. Otherwise, make sure you are not losing information, leading to unexpected circuit behavior.
WARNING:Xst:737 - Found 20-bit latch for signal <cpu_addr>. Latches may be generated from incomplete case or if statements. We do not recommend the use of latches in FPGA/CPLD designs, as they may lead to timing problems.
INFO:Xst:2371 - HDL ADVISOR - Logic functions respectively driving the data and gate enable inputs of this latch share common terms. This situation will potentially lead to setup/hold violations and, as a result, to simulation problems. This situation may come from an incomplete case statement (all selector values are not covered). You should carefully review if it was in your intentions to describe such a latch.
WARNING:Xst:737 - Found 20-bit latch for signal <cpu_rdata>. Latches may be generated from incomplete case or if statements. We do not recommend the use of latches in FPGA/CPLD designs, as they may lead to timing problems.
INFO:Xst:2371 - HDL ADVISOR - Logic functions respectively driving the data and gate enable inputs of this latch share common terms. This situation will potentially lead to setup/hold violations and, as a result, to simulation problems. This situation may come from an incomplete case statement (all selector values are not covered). You should carefully review if it was in your intentions to describe such a latch.
    Found 21-bit subtractor for signal <$sub0000> created at line 919.
    Found 21-bit subtractor for signal <$sub0001> created at line 919.
    Found 21-bit subtractor for signal <$sub0002> created at line 897.
    Found 21-bit subtractor for signal <$sub0003> created at line 895.
    Found 32-bit comparator greatequal for signal <A_0$cmp_ge0000> created at line 1060.
    Found 32-bit comparator greatequal for signal <A_1$cmp_ge0000> created at line 1061.
    Found 32-bit comparator greater for signal <A_1$cmp_gt0000> created at line 1061.
    Found 32-bit comparator less for signal <A_1$cmp_lt0000> created at line 1061.
    Found 32-bit comparator less for signal <A_1$cmp_lt0001> created at line 1061.
    Found 20-bit comparator greatequal for signal <and0002$cmp_ge0000> created at line 895.
    Found 20-bit comparator less for signal <and0002$cmp_lt0000> created at line 895.
    Found 20-bit comparator greatequal for signal <and0003$cmp_ge0000> created at line 892.
    Found 20-bit comparator lessequal for signal <and0003$cmp_le0000> created at line 892.
    Found 32-bit up counter for signal <clkcnt>.
    Found 8-bit register for signal <cnt_1>.
    Found 4-bit register for signal <cpu_inst>.
    Found 20-bit register for signal <cpu_opdata>.
    Found 20-bit register for signal <cpu_pc>.
    Found 20-bit adder for signal <cpu_pc$addsub0000> created at line 778.
    Found 16-bit register for signal <cpu_raddr>.
    Found 20-bit comparator greatequal for signal <cpu_rdata$cmp_ge0000> created at line 919.
    Found 20-bit comparator greatequal for signal <cpu_rdata$cmp_ge0001> created at line 919.
    Found 20-bit comparator greatequal for signal <cpu_rdata$cmp_ge0002> created at line 919.
    Found 20-bit comparator greatequal for signal <cpu_rdata$cmp_ge0003> created at line 919.
    Found 20-bit comparator greatequal for signal <cpu_rdata$cmp_ge0004> created at line 919.
    Found 20-bit comparator greatequal for signal <cpu_rdata$cmp_ge0005> created at line 919.
    Found 20-bit comparator greater for signal <cpu_rdata$cmp_gt0000> created at line 919.
    Found 20-bit comparator greater for signal <cpu_rdata$cmp_gt0001> created at line 919.
    Found 20-bit comparator lessequal for signal <cpu_rdata$cmp_le0000> created at line 919.
    Found 20-bit comparator lessequal for signal <cpu_rdata$cmp_le0001> created at line 919.
    Found 20-bit comparator less for signal <cpu_rdata$cmp_lt0000> created at line 919.
    Found 20-bit comparator less for signal <cpu_rdata$cmp_lt0001> created at line 919.
    Found 20-bit comparator less for signal <cpu_rdata$cmp_lt0002> created at line 919.
    Found 20-bit comparator less for signal <cpu_rdata$cmp_lt0003> created at line 919.
    Found 20-bit comparator less for signal <cpu_rdata$cmp_lt0004> created at line 919.
    Found 20-bit comparator less for signal <cpu_rdata$cmp_lt0005> created at line 919.
    Found 20-bit register for signal <cpu_sp>.
    Found 20-bit addsub for signal <cpu_sp$share0000> created at line 772.
    Found 20-bit register for signal <cpu_waddr>.
    Found 20-bit 16-to-1 multiplexer for signal <cpu_waddr$mux0000> created at line 815.
    Found 20-bit register for signal <cpu_wdata>.
    Found 20-bit addsub for signal <cpu_wdata$addsub0000>.
    Found 20-bit comparator equal for signal <cpu_wdata$cmp_eq0001> created at line 854.
    Found 20-bit comparator greatequal for signal <cpu_wdata$cmp_ge0000> created at line 869.
    Found 20-bit comparator greater for signal <cpu_wdata$cmp_gt0000> created at line 866.
    Found 20-bit comparator lessequal for signal <cpu_wdata$cmp_le0000> created at line 863.
    Found 20-bit comparator less for signal <cpu_wdata$cmp_lt0000> created at line 860.
    Found 20-bit comparator not equal for signal <cpu_wdata$cmp_ne0000> created at line 857.
    Found 20x20-bit multiplier for signal <cpu_wdata$mult0000> created at line 830.
    Found 20-bit 16-to-1 multiplexer for signal <cpu_wdata$mux0006> created at line 815.
    Found 20-bit xor2 for signal <cpu_wdata$xor0001> created at line 843.
    Found 20-bit register for signal <cpu_work>.
    Found 32-bit adder for signal <crom_1_col$add0000>.
    Found 32-bit adder for signal <crom_1_col$addsub0000>.
    Found 20-bit register for signal <div1_dividend>.
    Found 20-bit register for signal <div1_divisor>.
    Found 7-bit register for signal <i2c_1_addr>.
    Found 8-bit register for signal <i2c_1_data_wr>.
    Found 2-bit register for signal <i2c_1_stat<1:0>>.
    Found 32-bit up counter for signal <ppu_clkcnt>.
    Found 32-bit up counter for signal <ppu_linecnt>.
    Found 10-bit register for signal <stack1_addra>.
    Found 16-bit comparator greatequal for signal <stack1_addra$cmp_ge0000> created at line 781.
    Found 16-bit comparator greatequal for signal <stack1_addra$cmp_ge0001> created at line 783.
    Found 20-bit comparator greatequal for signal <stack1_addra$cmp_ge0002> created at line 897.
    Found 20-bit comparator greatequal for signal <stack1_addra$cmp_ge0003> created at line 901.
    Found 16-bit comparator lessequal for signal <stack1_addra$cmp_le0000> created at line 781.
    Found 20-bit comparator lessequal for signal <stack1_addra$cmp_le0001> created at line 897.
    Found 20-bit comparator less for signal <stack1_addra$cmp_lt0000> created at line 901.
    Found 32-bit register for signal <stack1_dina>.
    Found 20-bit comparator greatequal for signal <stack1_dina$cmp_ge0000> created at line 901.
    Found 20-bit comparator less for signal <stack1_dina$cmp_lt0000> created at line 901.
    Found 1-bit register for signal <stack1_wea<0>>.
    Found 32-bit comparator less for signal <stat_hsync$cmp_lt0000> created at line 960.
    Found 32-bit comparator less for signal <stat_vsync$cmp_lt0000> created at line 959.
    Found 10-bit adder for signal <vram_1_addra>.
    Found 32-bit adder for signal <vram_1_addra$add0000>.
    Found 33-bit adder for signal <vram_1_addra$add0001> created at line 980.
    Found 33-bit adder for signal <vram_1_addra$add0002>.
    Found 33-bit adder for signal <vram_1_addra$add0003>.
    Found 33-bit adder for signal <vram_1_addra$addsub0000>.
    Found 33-bit adder for signal <vram_1_addra$addsub0001>.
    Found 32-bit adder for signal <vram_1_addra$addsub0002>.
    Found 32x7-bit multiplier for signal <vram_1_addra$mult0001> created at line 980.
    Found 32-bit subtractor for signal <vram_1_addra$sub0000> created at line 980.
    Found 32-bit subtractor for signal <vram_1_addra$sub0001> created at line 980.
    Found 10-bit register for signal <vram_1_addrb>.
    Found 17-bit adder for signal <vram_1_addrb$add0000>.
    Found 21-bit adder for signal <vram_1_addrb$add0001>.
    Found 21-bit adder for signal <vram_1_addrb$addsub0000>.
    Found 17-bit adder for signal <vram_1_addrb$addsub0001>.
    Found 10-bit adder for signal <vram_1_addrb$share0000> created at line 772.
    Found 17-bit subtractor for signal <vram_1_addrb$sub0000> created at line 782.
    Found 21-bit subtractor for signal <vram_1_addrb$sub0001> created at line 899.
    Found 8-bit register for signal <vram_1_dinb>.
    Found 20-bit comparator greater for signal <vram_1_dinb$cmp_gt0000> created at line 897.
    Found 20-bit comparator less for signal <vram_1_dinb$cmp_lt0000> created at line 897.
    Found 1-bit register for signal <vram_1_web<0>>.
    Summary:
	inferred   1 Finite State Machine(s).
	inferred   2 RAM(s).
	inferred   3 Counter(s).
	inferred 267 D-type flip-flop(s).
	inferred  26 Adder/Subtractor(s).
	inferred   2 Multiplier(s).
	inferred  44 Comparator(s).
	inferred  40 Multiplexer(s).
Unit <BH_com> synthesized.

INFO:Xst:1767 - HDL ADVISOR - Resource sharing has identified that some arithmetic operations in this design can share the same physical resources for reduced device utilization. For improved clock frequency you may try to disable resource sharing.

=========================================================================
HDL Synthesis Report

Macro Statistics
# RAMs                                                 : 2
 128x20-bit dual-port RAM                              : 1
 512x20-bit dual-port RAM                              : 1
# ROMs                                                 : 1
 256x56-bit ROM                                        : 1
# Multipliers                                          : 2
 20x20-bit multiplier                                  : 1
 32x7-bit multiplier                                   : 1
# Adders/Subtractors                                   : 29
 10-bit adder                                          : 2
 17-bit adder                                          : 2
 17-bit subtractor                                     : 1
 20-bit adder                                          : 1
 20-bit addsub                                         : 2
 21-bit adder                                          : 2
 21-bit subtractor                                     : 5
 3-bit subtractor                                      : 1
 32-bit adder                                          : 5
 32-bit subtractor                                     : 2
 33-bit adder                                          : 5
 9-bit adder                                           : 1
# Counters                                             : 3
 32-bit up counter                                     : 3
# Registers                                            : 56
 1-bit register                                        : 30
 10-bit register                                       : 2
 16-bit register                                       : 1
 20-bit register                                       : 8
 3-bit register                                        : 1
 32-bit register                                       : 6
 4-bit register                                        : 1
 7-bit register                                        : 1
 8-bit register                                        : 5
 9-bit register                                        : 1
# Latches                                              : 2
 20-bit latch                                          : 2
# Comparators                                          : 50
 16-bit comparator greatequal                          : 2
 16-bit comparator lessequal                           : 1
 20-bit comparator equal                               : 1
 20-bit comparator greatequal                          : 12
 20-bit comparator greater                             : 4
 20-bit comparator less                                : 11
 20-bit comparator lessequal                           : 5
 20-bit comparator not equal                           : 1
 32-bit comparator greatequal                          : 2
 32-bit comparator greater                             : 1
 32-bit comparator less                                : 4
 8-bit comparator equal                                : 1
 9-bit comparator greatequal                           : 2
 9-bit comparator lessequal                            : 3
# Multiplexers                                         : 4
 1-bit 8-to-1 multiplexer                              : 1
 20-bit 16-to-1 multiplexer                            : 2
 8-bit 8-to-1 multiplexer                              : 1
# Tristates                                            : 2
 1-bit tristate buffer                                 : 2
# Xors                                                 : 3
 20-bit xor2                                           : 1
 32-bit xor2                                           : 1
 32-bit xor3                                           : 1

=========================================================================

=========================================================================
*                       Advanced HDL Synthesis                          *
=========================================================================

Analyzing FSM <FSM_1> for best encoding.
Optimizing FSM <cpu_stat/FSM> on signal <cpu_stat[1:4]> with one-hot encoding.
----------------------------------
 State                | Encoding
----------------------------------
 00000000000000000000 | 0001
 00000000000000000001 | 0010
 00000000000000000010 | 0100
 00000000000000000011 | 1000
----------------------------------
Analyzing FSM <FSM_0> for best encoding.
Optimizing FSM <i2c_1/state/FSM> on signal <state[1:9]> with one-hot encoding.
-----------------------
 State    | Encoding
-----------------------
 ready    | 000000001
 start    | 000000010
 command  | 000000100
 slv_ack1 | 000001000
 wr       | 000010000
 rd       | 000100000
 slv_ack2 | 001000000
 mstr_ack | 010000000
 stop     | 100000000
-----------------------
Reading core <ipcore_dir/vram.ngc>.
Reading core <ipcore_dir/stack.ngc>.
Reading core <ipcore_dir/divider.ngc>.
Loading core <vram> for timing and area information for instance <vram_1>.
Loading core <stack> for timing and area information for instance <stack_1>.
Loading core <divider> for timing and area information for instance <div_1>.
WARNING:Xst:1710 - FF/Latch <status_valid> (without init value) has a constant value of 1 in block <rand_1>. This FF/Latch will be trimmed during the optimization process.
WARNING:Xst:1895 - Due to other FF/Latch trimming, FF/Latch <stack1_dina_31> (without init value) has a constant value of 0 in block <BH_com>. This FF/Latch will be trimmed during the optimization process.
WARNING:Xst:1895 - Due to other FF/Latch trimming, FF/Latch <stack1_dina_30> (without init value) has a constant value of 0 in block <BH_com>. This FF/Latch will be trimmed during the optimization process.
WARNING:Xst:1895 - Due to other FF/Latch trimming, FF/Latch <stack1_dina_29> (without init value) has a constant value of 0 in block <BH_com>. This FF/Latch will be trimmed during the optimization process.
WARNING:Xst:1895 - Due to other FF/Latch trimming, FF/Latch <stack1_dina_28> (without init value) has a constant value of 0 in block <BH_com>. This FF/Latch will be trimmed during the optimization process.
WARNING:Xst:1895 - Due to other FF/Latch trimming, FF/Latch <stack1_dina_27> (without init value) has a constant value of 0 in block <BH_com>. This FF/Latch will be trimmed during the optimization process.
WARNING:Xst:1895 - Due to other FF/Latch trimming, FF/Latch <stack1_dina_26> (without init value) has a constant value of 0 in block <BH_com>. This FF/Latch will be trimmed during the optimization process.
WARNING:Xst:1895 - Due to other FF/Latch trimming, FF/Latch <stack1_dina_25> (without init value) has a constant value of 0 in block <BH_com>. This FF/Latch will be trimmed during the optimization process.
WARNING:Xst:1895 - Due to other FF/Latch trimming, FF/Latch <stack1_dina_24> (without init value) has a constant value of 0 in block <BH_com>. This FF/Latch will be trimmed during the optimization process.
WARNING:Xst:1895 - Due to other FF/Latch trimming, FF/Latch <stack1_dina_23> (without init value) has a constant value of 0 in block <BH_com>. This FF/Latch will be trimmed during the optimization process.
WARNING:Xst:1895 - Due to other FF/Latch trimming, FF/Latch <stack1_dina_22> (without init value) has a constant value of 0 in block <BH_com>. This FF/Latch will be trimmed during the optimization process.
WARNING:Xst:1895 - Due to other FF/Latch trimming, FF/Latch <stack1_dina_21> (without init value) has a constant value of 0 in block <BH_com>. This FF/Latch will be trimmed during the optimization process.
WARNING:Xst:1895 - Due to other FF/Latch trimming, FF/Latch <stack1_dina_20> (without init value) has a constant value of 0 in block <BH_com>. This FF/Latch will be trimmed during the optimization process.
WARNING:Xst:1895 - Due to other FF/Latch trimming, FF/Latch <div1_dividend_19> (without init value) has a constant value of 0 in block <BH_com>. This FF/Latch will be trimmed during the optimization process.
WARNING:Xst:1895 - Due to other FF/Latch trimming, FF/Latch <div1_dividend_18> (without init value) has a constant value of 0 in block <BH_com>. This FF/Latch will be trimmed during the optimization process.
WARNING:Xst:1895 - Due to other FF/Latch trimming, FF/Latch <div1_dividend_17> (without init value) has a constant value of 0 in block <BH_com>. This FF/Latch will be trimmed during the optimization process.
WARNING:Xst:1895 - Due to other FF/Latch trimming, FF/Latch <div1_dividend_16> (without init value) has a constant value of 0 in block <BH_com>. This FF/Latch will be trimmed during the optimization process.
WARNING:Xst:1895 - Due to other FF/Latch trimming, FF/Latch <div1_divisor_19> (without init value) has a constant value of 0 in block <BH_com>. This FF/Latch will be trimmed during the optimization process.
WARNING:Xst:1895 - Due to other FF/Latch trimming, FF/Latch <div1_divisor_18> (without init value) has a constant value of 0 in block <BH_com>. This FF/Latch will be trimmed during the optimization process.
WARNING:Xst:1895 - Due to other FF/Latch trimming, FF/Latch <div1_divisor_17> (without init value) has a constant value of 0 in block <BH_com>. This FF/Latch will be trimmed during the optimization process.
WARNING:Xst:1895 - Due to other FF/Latch trimming, FF/Latch <div1_divisor_16> (without init value) has a constant value of 0 in block <BH_com>. This FF/Latch will be trimmed during the optimization process.
WARNING:Xst:2404 -  FFs/Latches <stack1_dina<31:20>> (without init value) have a constant value of 0 in block <BH_com>.
WARNING:Xst:2404 -  FFs/Latches <div1_divisor<19:16>> (without init value) have a constant value of 0 in block <BH_com>.
WARNING:Xst:2404 -  FFs/Latches <div1_dividend<19:16>> (without init value) have a constant value of 0 in block <BH_com>.

Synthesizing (advanced) Unit <BH_com>.
	Found pipelined multiplier on signal <cpu_wdata_mult0000>:
		- 1 pipeline level(s) found in a register on signal <cpu_work>.
		Pushing register(s) into the multiplier macro.

		- 1 pipeline level(s) found in a register on signal <cpu_opdata>.
		Pushing register(s) into the multiplier macro.
INFO:Xst:3218 - HDL ADVISOR - The RAM <Mram_cpu_greg> will be implemented on LUTs either because you have described an asynchronous read or because of currently unsupported block RAM features. If you have described an asynchronous read, making it synchronous would allow you to take advantage of available block RAM resources, for optimized device usage and improved timings. Please refer to your documentation for coding guidelines.
    -----------------------------------------------------------------------
    | ram_type           | Distributed                         |          |
    -----------------------------------------------------------------------
    | Port A                                                              |
    |     aspect ratio   | 128-word x 20-bit                   |          |
    |     clkA           | connected to signal <clk>           | fall     |
    |     weA            | connected to signal <_and0000_0>    | high     |
    |     addrA          | connected to internal node          |          |
    |     diA            | connected to signal <cpu_wdata>     |          |
    -----------------------------------------------------------------------
    | Port B                                                              |
    |     aspect ratio   | 128-word x 20-bit                   |          |
    |     addrB          | connected to internal node          |          |
    |     doB            | connected to internal node          |          |
    -----------------------------------------------------------------------
INFO:Xst:3218 - HDL ADVISOR - The RAM <Mram_boot> will be implemented on LUTs either because you have described an asynchronous read or because of currently unsupported block RAM features. If you have described an asynchronous read, making it synchronous would allow you to take advantage of available block RAM resources, for optimized device usage and improved timings. Please refer to your documentation for coding guidelines.
    -----------------------------------------------------------------------
    | ram_type           | Distributed                         |          |
    -----------------------------------------------------------------------
    | Port A                                                              |
    |     aspect ratio   | 512-word x 20-bit                   |          |
    |     clkA           | connected to signal <clk>           | fall     |
    |     weA            | connected to signal <_and0002_0>    | high     |
    |     addrA          | connected to internal node          |          |
    |     diA            | connected to signal <cpu_wdata>     |          |
    -----------------------------------------------------------------------
    | Port B                                                              |
    |     aspect ratio   | 512-word x 20-bit                   |          |
    |     addrB          | connected to internal node          |          |
    |     doB            | connected to internal node          |          |
    -----------------------------------------------------------------------
INFO:Xst:2385 - HDL ADVISOR - You can improve the performance of the multiplier Mmult_cpu_wdata_mult0000 by adding 3 register level(s).
Unit <BH_com> synthesized (advanced).

=========================================================================
Advanced HDL Synthesis Report

Macro Statistics
# FSMs                                                 : 2
# RAMs                                                 : 2
 128x20-bit dual-port distributed RAM                  : 1
 512x20-bit dual-port distributed RAM                  : 1
# ROMs                                                 : 1
 256x56-bit ROM                                        : 1
# Multipliers                                          : 2
 20x20-bit registered multiplier                       : 1
 32x7-bit multiplier                                   : 1
# Adders/Subtractors                                   : 29
 10-bit adder                                          : 5
 13-bit adder                                          : 1
 17-bit subtractor                                     : 1
 20-bit adder                                          : 1
 20-bit addsub                                         : 2
 21-bit subtractor                                     : 1
 3-bit adder                                           : 1
 3-bit subtractor                                      : 1
 32-bit adder                                          : 3
 32-bit subtractor                                     : 2
 33-bit adder                                          : 3
 5-bit adder                                           : 3
 7-bit subtractor                                      : 2
 9-bit adder                                           : 1
 9-bit subtractor                                      : 2
# Counters                                             : 3
 32-bit up counter                                     : 3
# Registers                                            : 461
 Flip-Flops                                            : 461
# Latches                                              : 2
 20-bit latch                                          : 2
# Comparators                                          : 50
 16-bit comparator greatequal                          : 2
 16-bit comparator lessequal                           : 1
 20-bit comparator equal                               : 1
 20-bit comparator greatequal                          : 12
 20-bit comparator greater                             : 4
 20-bit comparator less                                : 11
 20-bit comparator lessequal                           : 5
 20-bit comparator not equal                           : 1
 32-bit comparator greatequal                          : 2
 32-bit comparator greater                             : 1
 32-bit comparator less                                : 4
 8-bit comparator equal                                : 1
 9-bit comparator greatequal                           : 2
 9-bit comparator lessequal                            : 3
# Multiplexers                                         : 4
 1-bit 8-to-1 multiplexer                              : 1
 20-bit 16-to-1 multiplexer                            : 2
 8-bit 8-to-1 multiplexer                              : 1
# Xors                                                 : 3
 20-bit xor2                                           : 1
 32-bit xor2                                           : 1
 32-bit xor3                                           : 1

=========================================================================

=========================================================================
*                         Low Level Synthesis                           *
=========================================================================
WARNING:Xst:1426 - The value init of the FF/Latch RND_VAL hinder the constant cleaning in the block XSADD_GEN.
   You should achieve better results by setting this init to 1.
WARNING:Xst:1710 - FF/Latch <status_valid> (without init value) has a constant value of 1 in block <XSADD_GEN>. This FF/Latch will be trimmed during the optimization process.
INFO:Xst:2261 - The FF/Latch <cpu_opdata_4> in Unit <BH_com> is equivalent to the following FF/Latch, which will be removed : <div1_divisor_4> 
INFO:Xst:2261 - The FF/Latch <cpu_opdata_5> in Unit <BH_com> is equivalent to the following FF/Latch, which will be removed : <div1_divisor_5> 
INFO:Xst:2261 - The FF/Latch <cpu_opdata_6> in Unit <BH_com> is equivalent to the following FF/Latch, which will be removed : <div1_divisor_6> 
INFO:Xst:2261 - The FF/Latch <cpu_opdata_7> in Unit <BH_com> is equivalent to the following FF/Latch, which will be removed : <div1_divisor_7> 
INFO:Xst:2261 - The FF/Latch <cpu_opdata_8> in Unit <BH_com> is equivalent to the following FF/Latch, which will be removed : <div1_divisor_8> 
INFO:Xst:2261 - The FF/Latch <cpu_opdata_9> in Unit <BH_com> is equivalent to the following FF/Latch, which will be removed : <div1_divisor_9> 
INFO:Xst:2261 - The FF/Latch <cpu_opdata_10> in Unit <BH_com> is equivalent to the following FF/Latch, which will be removed : <div1_divisor_10> 
INFO:Xst:2261 - The FF/Latch <cpu_opdata_11> in Unit <BH_com> is equivalent to the following FF/Latch, which will be removed : <div1_divisor_11> 
INFO:Xst:2261 - The FF/Latch <cpu_opdata_12> in Unit <BH_com> is equivalent to the following FF/Latch, which will be removed : <div1_divisor_12> 
INFO:Xst:2261 - The FF/Latch <cpu_opdata_13> in Unit <BH_com> is equivalent to the following FF/Latch, which will be removed : <div1_divisor_13> 
INFO:Xst:2261 - The FF/Latch <cpu_opdata_14> in Unit <BH_com> is equivalent to the following FF/Latch, which will be removed : <div1_divisor_14> 
INFO:Xst:2261 - The FF/Latch <cpu_opdata_15> in Unit <BH_com> is equivalent to the following FF/Latch, which will be removed : <div1_divisor_15> 
INFO:Xst:2261 - The FF/Latch <cpu_opdata_0> in Unit <BH_com> is equivalent to the following FF/Latch, which will be removed : <div1_divisor_0> 
INFO:Xst:2261 - The FF/Latch <cpu_opdata_1> in Unit <BH_com> is equivalent to the following FF/Latch, which will be removed : <div1_divisor_1> 
INFO:Xst:2261 - The FF/Latch <cpu_opdata_2> in Unit <BH_com> is equivalent to the following FF/Latch, which will be removed : <div1_divisor_2> 
INFO:Xst:2261 - The FF/Latch <cpu_opdata_3> in Unit <BH_com> is equivalent to the following FF/Latch, which will be removed : <div1_divisor_3> 

Optimizing unit <BH_com> ...

Optimizing unit <XSADD_GEN> ...

Mapping all equations...
Building and optimizing final netlist ...
Found area constraint ratio of 100 (+ 5) on block BH_com, actual ratio is 41.
INFO:Xst:2260 - The FF/Latch <blk0000017a> in Unit <blk00000003> is equivalent to the following FF/Latch : <blk00000529> 
INFO:Xst:2260 - The FF/Latch <blk00000191> in Unit <blk00000003> is equivalent to the following FF/Latch : <blk00000526> 
INFO:Xst:2260 - The FF/Latch <blk000001a8> in Unit <blk00000003> is equivalent to the following FF/Latch : <blk00000527> 
INFO:Xst:2260 - The FF/Latch <blk00000081> in Unit <blk00000003> is equivalent to the following FF/Latch : <blk00000524> 
INFO:Xst:2260 - The FF/Latch <blk000001bf> in Unit <blk00000003> is equivalent to the following FF/Latch : <blk00000528> 
INFO:Xst:2260 - The FF/Latch <blk000001d6> in Unit <blk00000003> is equivalent to the following FF/Latch : <blk00000525> 
INFO:Xst:2260 - The FF/Latch <blk000000c4> in Unit <blk00000003> is equivalent to the following FF/Latch : <blk000002f2> 
INFO:Xst:2260 - The FF/Latch <blk000001bf> in Unit <blk00000003> is equivalent to the following FF/Latch : <blk00000528> 
INFO:Xst:2260 - The FF/Latch <blk000001d6> in Unit <blk00000003> is equivalent to the following FF/Latch : <blk00000525> 
INFO:Xst:2260 - The FF/Latch <blk000000c4> in Unit <blk00000003> is equivalent to the following FF/Latch : <blk000002f2> 
INFO:Xst:2260 - The FF/Latch <blk0000017a> in Unit <blk00000003> is equivalent to the following FF/Latch : <blk00000529> 
INFO:Xst:2260 - The FF/Latch <blk00000191> in Unit <blk00000003> is equivalent to the following FF/Latch : <blk00000526> 
INFO:Xst:2260 - The FF/Latch <blk000001a8> in Unit <blk00000003> is equivalent to the following FF/Latch : <blk00000527> 
INFO:Xst:2260 - The FF/Latch <blk00000081> in Unit <blk00000003> is equivalent to the following FF/Latch : <blk00000524> 

Final Macro Processing ...

Processing Unit <BH_com> :
	Found 3-bit shift register for signal <rand_1/curr_status.status_0_31>.
	Found 3-bit shift register for signal <rand_1/curr_status.status_0_30>.
	Found 3-bit shift register for signal <rand_1/curr_status.status_0_29>.
	Found 3-bit shift register for signal <rand_1/curr_status.status_0_28>.
	Found 3-bit shift register for signal <rand_1/curr_status.status_0_27>.
	Found 3-bit shift register for signal <rand_1/curr_status.status_0_26>.
	Found 3-bit shift register for signal <rand_1/curr_status.status_0_25>.
	Found 3-bit shift register for signal <rand_1/curr_status.status_0_24>.
	Found 3-bit shift register for signal <rand_1/curr_status.status_0_23>.
	Found 3-bit shift register for signal <rand_1/curr_status.status_0_22>.
	Found 3-bit shift register for signal <rand_1/curr_status.status_0_21>.
	Found 3-bit shift register for signal <rand_1/curr_status.status_0_20>.
	Found 2-bit shift register for signal <rand_1/curr_status.status_0_19>.
	Found 2-bit shift register for signal <rand_1/curr_status.status_0_18>.
	Found 2-bit shift register for signal <rand_1/curr_status.status_0_17>.
	Found 2-bit shift register for signal <rand_1/curr_status.status_0_16>.
	Found 2-bit shift register for signal <rand_1/curr_status.status_0_15>.
	Found 2-bit shift register for signal <rand_1/curr_status.status_0_14>.
	Found 2-bit shift register for signal <rand_1/curr_status.status_0_13>.
	Found 2-bit shift register for signal <rand_1/curr_status.status_0_12>.
	Found 2-bit shift register for signal <rand_1/curr_status.status_0_11>.
	Found 2-bit shift register for signal <rand_1/curr_status.status_0_10>.
	Found 2-bit shift register for signal <rand_1/curr_status.status_0_9>.
	Found 2-bit shift register for signal <rand_1/curr_status.status_0_8>.
	Found 2-bit shift register for signal <rand_1/curr_status.status_0_7>.
	Found 2-bit shift register for signal <rand_1/curr_status.status_0_6>.
	Found 2-bit shift register for signal <rand_1/curr_status.status_0_5>.
	Found 2-bit shift register for signal <rand_1/curr_status.status_0_4>.
	Found 2-bit shift register for signal <rand_1/curr_status.status_0_3>.
	Found 2-bit shift register for signal <rand_1/curr_status.status_0_2>.
	Found 2-bit shift register for signal <rand_1/curr_status.status_0_1>.
	Found 2-bit shift register for signal <rand_1/curr_status.status_0_0>.
Unit <BH_com> processed.

=========================================================================
Final Register Report

Macro Statistics
# Registers                                            : 438
 Flip-Flops                                            : 438
# Shift Registers                                      : 32
 2-bit shift register                                  : 20
 3-bit shift register                                  : 12

=========================================================================

=========================================================================
*                           Partition Report                            *
=========================================================================

Partition Implementation Status
-------------------------------

  No Partitions were found in this design.

-------------------------------

=========================================================================
*                            Final Report                               *
=========================================================================
Final Results
RTL Top Level Output File Name     : BH_com.ngr
Top Level Output File Name         : BH_com
Output Format                      : NGC
Optimization Goal                  : Speed
Keep Hierarchy                     : No

Design Statistics
# IOs                              : 49

Cell Usage :
# BELS                             : 4907
#      GND                         : 4
#      INV                         : 222
#      LUT1                        : 145
#      LUT2                        : 306
#      LUT2_L                      : 2
#      LUT3                        : 1028
#      LUT3_D                      : 5
#      LUT3_L                      : 3
#      LUT4                        : 1186
#      LUT4_D                      : 6
#      LUT4_L                      : 4
#      MULT_AND                    : 21
#      MUXCY                       : 747
#      MUXF5                       : 487
#      MUXF6                       : 115
#      MUXF7                       : 42
#      MUXF8                       : 20
#      VCC                         : 4
#      XORCY                       : 560
# FlipFlops/Latches                : 1065
#      FD                          : 368
#      FD_1                        : 10
#      FDE                         : 352
#      FDE_1                       : 169
#      FDR                         : 38
#      FDRE                        : 32
#      FDS_1                       : 56
#      LD                          : 40
# RAMS                             : 803
#      RAM16X1D                    : 800
#      RAMB16_S18_S18              : 3
# Shift Registers                  : 36
#      SRL16                       : 34
#      SRLC16                      : 2
# Clock Buffers                    : 3
#      BUFG                        : 2
#      BUFGP                       : 1
# IO Buffers                       : 48
#      IBUF                        : 1
#      IOBUF                       : 2
#      OBUF                        : 45
# MULTs                            : 4
#      MULT18X18SIO                : 4
=========================================================================

Device utilization summary:
---------------------------

Selected Device : 3s500evq100-4 

 Number of Slices:                     1738  out of   4656    37%  
 Number of Slice Flip Flops:           1065  out of   9312    11%  
 Number of 4 input LUTs:               4543  out of   9312    48%  
    Number used as logic:              2907
    Number used as Shift registers:      36
    Number used as RAMs:               1600
 Number of IOs:                          49
 Number of bonded IOBs:                  49  out of     66    74%  
 Number of BRAMs:                         3  out of     20    15%  
 Number of MULT18X18SIOs:                 4  out of     20    20%  
 Number of GCLKs:                         3  out of     24    12%  

---------------------------
Partition Resource Summary:
---------------------------

  No Partitions were found in this design.

---------------------------


=========================================================================
TIMING REPORT

NOTE: THESE TIMING NUMBERS ARE ONLY A SYNTHESIS ESTIMATE.
      FOR ACCURATE TIMING INFORMATION PLEASE REFER TO THE TRACE REPORT
      GENERATED AFTER PLACE-and-ROUTE.

Clock Information:
------------------
-----------------------------------------+---------------------------------------------------------------------------------------------------------------------------------+-------+
Clock Signal                             | Clock buffer(FF name)                                                                                                           | Load  |
-----------------------------------------+---------------------------------------------------------------------------------------------------------------------------------+-------+
clk                                      | BUFGP                                                                                                                           | 1859  |
stack_1/N1                               | NONE(stack_1/U0/xst_blk_mem_generator/gnativebmg.native_blk_mem_gen/valid.cstr/ramloop[0].ram.r/s3_noinit.ram/dpram.dp18x18.ram)| 2     |
clkcnt_2                                 | NONE(cnt_1_5)                                                                                                                   | 8     |
cpu_rdata_not00011(cpu_rdata_not000187:O)| BUFG(*)(cpu_rdata_0)                                                                                                            | 20    |
cpu_addr_or00001(cpu_addr_or00001:O)     | BUFG(*)(cpu_addr_0)                                                                                                             | 20    |
-----------------------------------------+---------------------------------------------------------------------------------------------------------------------------------+-------+
(*) These 2 clock signal(s) are generated by combinatorial logic,
and XST is not able to identify which are the primary clock signals.
Please use the CLOCK_SIGNAL constraint to specify the clock signal(s) generated by combinatorial logic.
INFO:Xst:2169 - HDL ADVISOR - Some clock signals were not automatically buffered by XST with BUFG/BUFR resources. Please use the buffer_type constraint in order to insert these buffers to the clock signals to help prevent skew problems.

Asynchronous Control Signals Information:
----------------------------------------
No asynchronous control signals found in this design

Timing Summary:
---------------
Speed Grade: -4

   Minimum period: 17.691ns (Maximum Frequency: 56.526MHz)
   Minimum input arrival time before clock: 4.446ns
   Maximum output required time after clock: 20.723ns
   Maximum combinational path delay: No path found

Timing Detail:
--------------
All values displayed in nanoseconds (ns)

=========================================================================
Timing constraint: Default period analysis for Clock 'clk'
  Clock period: 17.691ns (frequency: 56.526MHz)
  Total number of paths / destination ports: 3069870 / 6565
-------------------------------------------------------------------------
Delay:               17.691ns (Levels of Logic = 46)
  Source:            ppu_clkcnt_9 (FF)
  Destination:       vram_1/U0/xst_blk_mem_generator/gnativebmg.native_blk_mem_gen/valid.cstr/ramloop[0].ram.r/s3_noinit.ram/dpram.dp18x18.ram (RAM)
  Source Clock:      clk rising
  Destination Clock: clk rising

  Data Path: ppu_clkcnt_9 to vram_1/U0/xst_blk_mem_generator/gnativebmg.native_blk_mem_gen/valid.cstr/ramloop[0].ram.r/s3_noinit.ram/dpram.dp18x18.ram
                                Gate     Net
    Cell:in->out      fanout   Delay   Delay  Logical Name (Net Name)
    ----------------------------------------  ------------
     FDR:C->Q              6   0.591   0.844  ppu_clkcnt_9 (ppu_clkcnt_9)
     LUT1:I0->O            1   0.704   0.000  Msub_vram_1_addra_sub0001_cy<9>_rt (Msub_vram_1_addra_sub0001_cy<9>_rt)
     MUXCY:S->O            1   0.464   0.000  Msub_vram_1_addra_sub0001_cy<9> (Msub_vram_1_addra_sub0001_cy<9>)
     MUXCY:CI->O           1   0.059   0.000  Msub_vram_1_addra_sub0001_cy<10> (Msub_vram_1_addra_sub0001_cy<10>)
     MUXCY:CI->O           1   0.059   0.000  Msub_vram_1_addra_sub0001_cy<11> (Msub_vram_1_addra_sub0001_cy<11>)
     MUXCY:CI->O           1   0.059   0.000  Msub_vram_1_addra_sub0001_cy<12> (Msub_vram_1_addra_sub0001_cy<12>)
     MUXCY:CI->O           1   0.059   0.000  Msub_vram_1_addra_sub0001_cy<13> (Msub_vram_1_addra_sub0001_cy<13>)
     MUXCY:CI->O           1   0.059   0.000  Msub_vram_1_addra_sub0001_cy<14> (Msub_vram_1_addra_sub0001_cy<14>)
     MUXCY:CI->O           1   0.059   0.000  Msub_vram_1_addra_sub0001_cy<15> (Msub_vram_1_addra_sub0001_cy<15>)
     MUXCY:CI->O           1   0.059   0.000  Msub_vram_1_addra_sub0001_cy<16> (Msub_vram_1_addra_sub0001_cy<16>)
     MUXCY:CI->O           1   0.059   0.000  Msub_vram_1_addra_sub0001_cy<17> (Msub_vram_1_addra_sub0001_cy<17>)
     MUXCY:CI->O           1   0.059   0.000  Msub_vram_1_addra_sub0001_cy<18> (Msub_vram_1_addra_sub0001_cy<18>)
     MUXCY:CI->O           1   0.059   0.000  Msub_vram_1_addra_sub0001_cy<19> (Msub_vram_1_addra_sub0001_cy<19>)
     MUXCY:CI->O           1   0.059   0.000  Msub_vram_1_addra_sub0001_cy<20> (Msub_vram_1_addra_sub0001_cy<20>)
     MUXCY:CI->O           1   0.059   0.000  Msub_vram_1_addra_sub0001_cy<21> (Msub_vram_1_addra_sub0001_cy<21>)
     MUXCY:CI->O           1   0.059   0.000  Msub_vram_1_addra_sub0001_cy<22> (Msub_vram_1_addra_sub0001_cy<22>)
     MUXCY:CI->O           1   0.059   0.000  Msub_vram_1_addra_sub0001_cy<23> (Msub_vram_1_addra_sub0001_cy<23>)
     MUXCY:CI->O           1   0.059   0.000  Msub_vram_1_addra_sub0001_cy<24> (Msub_vram_1_addra_sub0001_cy<24>)
     MUXCY:CI->O           1   0.059   0.000  Msub_vram_1_addra_sub0001_cy<25> (Msub_vram_1_addra_sub0001_cy<25>)
     MUXCY:CI->O           1   0.059   0.000  Msub_vram_1_addra_sub0001_cy<26> (Msub_vram_1_addra_sub0001_cy<26>)
     MUXCY:CI->O           1   0.059   0.000  Msub_vram_1_addra_sub0001_cy<27> (Msub_vram_1_addra_sub0001_cy<27>)
     MUXCY:CI->O           1   0.059   0.000  Msub_vram_1_addra_sub0001_cy<28> (Msub_vram_1_addra_sub0001_cy<28>)
     MUXCY:CI->O           1   0.059   0.000  Msub_vram_1_addra_sub0001_cy<29> (Msub_vram_1_addra_sub0001_cy<29>)
     MUXCY:CI->O           0   0.059   0.000  Msub_vram_1_addra_sub0001_cy<30> (Msub_vram_1_addra_sub0001_cy<30>)
     XORCY:CI->O           2   0.804   0.622  Msub_vram_1_addra_sub0001_xor<31> (vram_1_addra_sub0001<31>)
     LUT1:I0->O            1   0.704   0.000  Madd_vram_1_addra_add0001_cy<31>_rt (Madd_vram_1_addra_add0001_cy<31>_rt)
     MUXCY:S->O            0   0.464   0.000  Madd_vram_1_addra_add0001_cy<31> (Madd_vram_1_addra_add0001_cy<31>)
     XORCY:CI->O          34   0.804   1.263  Madd_vram_1_addra_add0001_xor<32> (vram_1_addra_add0001<32>)
     INV:I->O              0   0.704   0.000  Madd_vram_1_addra_not0001<32>1_INV_0 (Madd_vram_1_addra_not0001<32>)
     XORCY:LI->O           1   0.527   0.420  Madd_vram_1_addra_add0002_xor<32> (vram_1_addra_add0002<32>)
     INV:I->O              1   0.704   0.000  vram_1_addra_not0004<30>1_INV_0 (vram_1_addra_not0004<30>)
     MUXCY:S->O            1   0.464   0.000  Madd_vram_1_addra_addsub0001_cy<30> (Madd_vram_1_addra_addsub0001_cy<30>)
     MUXCY:CI->O           0   0.059   0.000  Madd_vram_1_addra_addsub0001_cy<31> (Madd_vram_1_addra_addsub0001_cy<31>)
     XORCY:CI->O          20   0.804   1.106  Madd_vram_1_addra_addsub0001_xor<32> (vram_1_addra_addsub0001<32>)
     LUT4:I3->O            1   0.704   0.455  vram_1_addra_mux0002<0>1_SW0 (N3721)
     LUT4:I2->O            1   0.704   0.000  Madd_vram_1_addra_lut<0> (Madd_vram_1_addra_lut<0>)
     MUXCY:S->O            1   0.464   0.000  Madd_vram_1_addra_cy<0> (Madd_vram_1_addra_cy<0>)
     MUXCY:CI->O           1   0.059   0.000  Madd_vram_1_addra_cy<1> (Madd_vram_1_addra_cy<1>)
     MUXCY:CI->O           1   0.059   0.000  Madd_vram_1_addra_cy<2> (Madd_vram_1_addra_cy<2>)
     MUXCY:CI->O           1   0.059   0.000  Madd_vram_1_addra_cy<3> (Madd_vram_1_addra_cy<3>)
     MUXCY:CI->O           1   0.059   0.000  Madd_vram_1_addra_cy<4> (Madd_vram_1_addra_cy<4>)
     MUXCY:CI->O           1   0.059   0.000  Madd_vram_1_addra_cy<5> (Madd_vram_1_addra_cy<5>)
     MUXCY:CI->O           1   0.059   0.000  Madd_vram_1_addra_cy<6> (Madd_vram_1_addra_cy<6>)
     MUXCY:CI->O           1   0.059   0.000  Madd_vram_1_addra_cy<7> (Madd_vram_1_addra_cy<7>)
     MUXCY:CI->O           0   0.059   0.000  Madd_vram_1_addra_cy<8> (Madd_vram_1_addra_cy<8>)
     XORCY:CI->O           1   0.804   0.420  Madd_vram_1_addra_xor<9> (vram_1_addra<9>)
     begin scope: 'vram_1'
     RAMB16_S18_S18:ADDRA9        0.377          U0/xst_blk_mem_generator/gnativebmg.native_blk_mem_gen/valid.cstr/ramloop[0].ram.r/s3_noinit.ram/dpram.dp18x18.ram
    ----------------------------------------
    Total                     17.691ns (12.561ns logic, 5.130ns route)
                                       (71.0% logic, 29.0% route)

=========================================================================
Timing constraint: Default OFFSET IN BEFORE for Clock 'clkcnt_2'
  Total number of paths / destination ports: 8 / 8
-------------------------------------------------------------------------
Offset:              2.346ns (Levels of Logic = 1)
  Source:            C<2> (PAD)
  Destination:       cnt_1_5 (FF)
  Destination Clock: clkcnt_2 falling

  Data Path: C<2> to cnt_1_5
                                Gate     Net
    Cell:in->out      fanout   Delay   Delay  Logical Name (Net Name)
    ----------------------------------------  ------------
     IBUF:I->O             9   1.218   0.820  C_2_IBUF (C_2_IBUF)
     FDE_1:D                   0.308          cnt_1_5
    ----------------------------------------
    Total                      2.346ns (1.526ns logic, 0.820ns route)
                                       (65.0% logic, 35.0% route)

=========================================================================
Timing constraint: Default OFFSET IN BEFORE for Clock 'cpu_rdata_not00011'
  Total number of paths / destination ports: 3 / 3
-------------------------------------------------------------------------
Offset:              4.446ns (Levels of Logic = 3)
  Source:            C<15> (PAD)
  Destination:       cpu_rdata_15 (LATCH)
  Destination Clock: cpu_rdata_not00011 falling

  Data Path: C<15> to cpu_rdata_15
                                Gate     Net
    Cell:in->out      fanout   Delay   Delay  Logical Name (Net Name)
    ----------------------------------------  ------------
     IOBUF:IO->O          10   1.218   0.917  C_15_IOBUF (N4001)
     LUT4:I2->O            1   0.704   0.595  cpu_rdata_mux0000<15>12 (cpu_rdata_mux0000<15>12)
     LUT4:I0->O            1   0.704   0.000  cpu_rdata_mux0000<15>44 (cpu_rdata_mux0000<15>)
     LD:D                      0.308          cpu_rdata_15
    ----------------------------------------
    Total                      4.446ns (2.934ns logic, 1.512ns route)
                                       (66.0% logic, 34.0% route)

=========================================================================
Timing constraint: Default OFFSET IN BEFORE for Clock 'clk'
  Total number of paths / destination ports: 10 / 10
-------------------------------------------------------------------------
Offset:              3.608ns (Levels of Logic = 3)
  Source:            C<15> (PAD)
  Destination:       i2c_1/ack_error (FF)
  Destination Clock: clk rising

  Data Path: C<15> to i2c_1/ack_error
                                Gate     Net
    Cell:in->out      fanout   Delay   Delay  Logical Name (Net Name)
    ----------------------------------------  ------------
     IOBUF:IO->O          10   1.218   1.057  C_15_IOBUF (N4001)
     LUT3:I0->O            1   0.704   0.000  i2c_1/ack_error_mux0000_F (N8131)
     MUXF5:I0->O           1   0.321   0.000  i2c_1/ack_error_mux0000 (i2c_1/ack_error_mux0000)
     FDE:D                     0.308          i2c_1/ack_error
    ----------------------------------------
    Total                      3.608ns (2.551ns logic, 1.057ns route)
                                       (70.7% logic, 29.3% route)

=========================================================================
Timing constraint: Default OFFSET OUT AFTER for Clock 'clk'
  Total number of paths / destination ports: 3066 / 6
-------------------------------------------------------------------------
Offset:              20.723ns (Levels of Logic = 15)
  Source:            vram_1/U0/xst_blk_mem_generator/gnativebmg.native_blk_mem_gen/valid.cstr/ramloop[0].ram.r/s3_noinit.ram/dpram.dp18x18.ram (RAM)
  Destination:       A<1> (PAD)
  Source Clock:      clk rising

  Data Path: vram_1/U0/xst_blk_mem_generator/gnativebmg.native_blk_mem_gen/valid.cstr/ramloop[0].ram.r/s3_noinit.ram/dpram.dp18x18.ram to A<1>
                                Gate     Net
    Cell:in->out      fanout   Delay   Delay  Logical Name (Net Name)
    ----------------------------------------  ------------
     RAMB16_S18_S18:CLKA->DOA0  348   2.800   1.537  U0/xst_blk_mem_generator/gnativebmg.native_blk_mem_gen/valid.cstr/ramloop[0].ram.r/s3_noinit.ram/dpram.dp18x18.ram (douta<0>)
     end scope: 'vram_1'
     LUT2:I0->O            4   0.704   0.666  vram_1_douta<5>2211 (N102)
     LUT4:I1->O            1   0.704   0.424  vram_1_douta<6>2012 (vram_1_douta<6>2012)
     LUT4:I3->O            1   0.704   0.499  vram_1_douta<6>2057 (vram_1_douta<6>2057)
     LUT4:I1->O            1   0.704   0.499  vram_1_douta<6>20108 (vram_1_douta<6>21)
     LUT3:I1->O            1   0.704   0.000  crom_1/Mmux_dot_175 (crom_1/Mmux_dot_175)
     MUXF5:I1->O           1   0.321   0.000  crom_1/Mmux_dot_16_f5_2 (crom_1/Mmux_dot_16_f53)
     MUXF6:I0->O           1   0.521   0.499  crom_1/Mmux_dot_14_f6 (crom_1/Mmux_dot_14_f6)
     LUT2:I1->O            1   0.704   0.455  crom_1_col<0>1122 (crom_1_col<0>1122)
     LUT4:I2->O            1   0.704   0.499  crom_1_col<0>1156 (crom_1_col<0>2)
     LUT3:I1->O            1   0.704   0.000  crom_1/Mmux_dot_4 (crom_1/Mmux_dot_4)
     MUXF5:I0->O           1   0.321   0.424  crom_1/Mmux_dot_2_f5 (crom_1_dot1)
     LUT4:I3->O            1   0.704   0.499  A_1_mux0000_SW1 (N6771)
     LUT4:I1->O            2   0.704   0.447  A_1_mux0000 (A_1_OBUF)
     OBUF:I->O                 3.272          A_1_OBUF (A<1>)
    ----------------------------------------
    Total                     20.723ns (14.275ns logic, 6.448ns route)
                                       (68.9% logic, 31.1% route)

=========================================================================


Total REAL time to Xst completion: 74.00 secs
Total CPU time to Xst completion: 67.97 secs
 
--> 


Total memory usage is 234808 kilobytes

Number of errors   :    0 (   0 filtered)
Number of warnings :  142 (  82 filtered)
Number of infos    :   39 (   0 filtered)

