INFO:sim:172 - Generating IP...
Resolving generics for 'vram'...
Applying external generics to 'vram'...
Delivering associated files for 'vram'...
Delivering EJava files for 'vram'...
Generating implementation netlist for 'vram'...
INFO:sim - Pre-processing HDL files for 'vram'...
Running synthesis for 'vram'
Running ngcbuild...
Writing VHO instantiation template for 'vram'...
Writing VHDL behavioral simulation model for 'vram'...
WARNING:sim - Overwriting existing file
   C:/Users/hato/BH_com/ipcore_dir/tmp/_cg/vram/doc/blk_mem_gen_v7_3_vinfo.html
   with file from view xilinx_documentation
Delivered 1 file into directory C:/Users/hato/BH_com/ipcore_dir/tmp/_cg/vram
Generating ASY schematic symbol...
INFO:sim:949 - Finished generation of ASY schematic symbol.
Generating SYM schematic symbol for 'vram'...
Generating metadata file...
Generating ISE project file for 'vram'...
Generating ISE project...
XCO file found: vram.xco
XMDF file found: vram_xmdf.tcl
Adding C:/Users/hato/BH_com/ipcore_dir/tmp/_cg/vram.asy -view all -origin_type
imported
Adding C:/Users/hato/BH_com/ipcore_dir/tmp/_cg/vram.ngc -view all -origin_type
created
Checking file "C:/Users/hato/BH_com/ipcore_dir/tmp/_cg/vram.ngc" for project
device match ...
File "C:/Users/hato/BH_com/ipcore_dir/tmp/_cg/vram.ngc" device information
matches project device.
Adding C:/Users/hato/BH_com/ipcore_dir/tmp/_cg/vram.sym -view all -origin_type
imported
Adding C:/Users/hato/BH_com/ipcore_dir/tmp/_cg/vram.vhd -view all -origin_type
created
INFO:HDLCompiler:1061 - Parsing VHDL file
   "C:/Users/hato/BH_com/ipcore_dir/tmp/_cg/vram.vhd" into library work
INFO:ProjectMgmt - Parsing design hierarchy completed successfully.
Adding C:/Users/hato/BH_com/ipcore_dir/tmp/_cg/vram.vho -view all -origin_type
imported
INFO:TclTasksC:2116 - The automatic calculation of top has been turned-off.
   Please set the new top explicitly by running the "project set top" command.
   To re-calculate the new top automatically, set the "Auto Implementation Top"
   property to true.
Top level has been set to "/vram"
Generating README file...
Generating FLIST file...
INFO:sim:948 - Finished FLIST file generation.
Launching README viewer...
Moving files to output directory...
Finished moving files to output directory
Wrote CGP file for project 'vram'.
