Command line:
   crom_isim_beh.exe
     -simmode  gui
     -simrunnum  0
     -socket  48610

Thu Apr  5 22:11:10 2018


 Elaboration Time: 0.04 sec

 Current Memory Usage: 131.461 Meg

 Total Signals          : 4
 Total Nets             : 14
 Total Signal Drivers   : 1
 Total Blocks           : 4
 Total Primitive Blocks : 4
 Total Processes        : 1
 Total Traceable Variables  : 11
 Total Scalar Nets and Variables : 8584
Total Line Count : 1

 Total Simulation Time: 0.04 sec

 Current Memory Usage: 140.902 Meg

Thu Apr  5 22:11:13 2018

