Command line:
   BH_com_isim_beh.exe
     -simmode  gui
     -simrunnum  0
     -socket  40898

Mon Apr  9 00:31:47 2018


 Elaboration Time: 0.05 sec

 Current Memory Usage: 135.533 Meg

 Total Signals          : 265
 Total Nets             : 9681
 Total Signal Drivers   : 102
 Total Blocks           : 19
 Total Primitive Blocks : 11
 Total Processes        : 63
 Total Traceable Variables  : 248
 Total Scalar Nets and Variables : 19250
Total Line Count : 431

 Total Simulation Time: 0.1 sec

 Current Memory Usage: 144.974 Meg

Mon Apr  9 00:32:00 2018

